<?xml version="1.0" encoding="UTF-8"?>
<testng-results skipped="0" failed="0" total="2" passed="2">
  <reporter-output>
  </reporter-output>
  <suite name="Suite1" duration-ms="11807" started-at="2015-01-11T21:37:55Z" finished-at="2015-01-11T21:38:07Z">
    <groups>
    </groups>
    <test name="For Jenkins" duration-ms="5963" started-at="2015-01-11T21:37:55Z" finished-at="2015-01-11T21:38:01Z">
      <class name="com.java.test.PageFactoryTest">
        <test-method status="PASS" signature="Setup()[pri:0, instance:com.java.test.PageFactoryTest@6bdf28bb]" name="Setup" is-config="true" duration-ms="3255" started-at="2015-01-11T16:37:55Z" finished-at="2015-01-11T16:37:59Z">
          <reporter-output>
          </reporter-output>
        </test-method> <!-- Setup -->
        <test-method status="PASS" signature="Login()[pri:0, instance:com.java.test.PageFactoryTest@6bdf28bb]" name="Login" duration-ms="2616" started-at="2015-01-11T16:37:59Z" finished-at="2015-01-11T16:38:01Z">
          <reporter-output>
          </reporter-output>
        </test-method> <!-- Login -->
        <test-method status="PASS" signature="TearDown()[pri:0, instance:com.java.test.PageFactoryTest@6bdf28bb]" name="TearDown" is-config="true" duration-ms="79" started-at="2015-01-11T16:38:01Z" finished-at="2015-01-11T16:38:01Z">
          <reporter-output>
          </reporter-output>
        </test-method> <!-- TearDown -->
      </class> <!-- com.java.test.PageFactoryTest -->
    </test> <!-- For Jenkins -->
    <test name="Regression1" duration-ms="5829" started-at="2015-01-11T21:38:01Z" finished-at="2015-01-11T21:38:07Z">
      <class name="com.java.test.PageFactoryTest">
        <test-method status="PASS" signature="Setup()[pri:0, instance:com.java.test.PageFactoryTest@2812cbfa]" name="Setup" is-config="true" duration-ms="2776" started-at="2015-01-11T16:38:01Z" finished-at="2015-01-11T16:38:04Z">
          <reporter-output>
          </reporter-output>
        </test-method> <!-- Setup -->
        <test-method status="PASS" signature="Login()[pri:0, instance:com.java.test.PageFactoryTest@2812cbfa]" name="Login" duration-ms="2977" started-at="2015-01-11T16:38:04Z" finished-at="2015-01-11T16:38:07Z">
          <reporter-output>
          </reporter-output>
        </test-method> <!-- Login -->
        <test-method status="PASS" signature="TearDown()[pri:0, instance:com.java.test.PageFactoryTest@2812cbfa]" name="TearDown" is-config="true" duration-ms="74" started-at="2015-01-11T16:38:07Z" finished-at="2015-01-11T16:38:07Z">
          <reporter-output>
          </reporter-output>
        </test-method> <!-- TearDown -->
      </class> <!-- com.java.test.PageFactoryTest -->
    </test> <!-- Regression1 -->
  </suite> <!-- Suite1 -->
</testng-results>
